<?xml version="1.0" encoding="UTF-8"?>
<!-- Generated by org.testng.reporters.JUnitReportReporter -->
<testsuite skipped="0" hostname="DESKTOP-NFU91QR" name="RESTtests.HTTPMethods" tests="5" failures="0" timestamp="2022-07-20T16:48:16 IST" time="7.604" errors="0">
  <testcase name="GETmethod" time="2.684" classname="RESTtests.HTTPMethods"/>
  <system-out/>
  <testcase name="POSTmethod" time="1.269" classname="RESTtests.HTTPMethods"/>
  <system-out/>
  <testcase name="PUTmethod" time="1.297" classname="RESTtests.HTTPMethods"/>
  <system-out/>
  <testcase name="PATCHmethod" time="1.329" classname="RESTtests.HTTPMethods"/>
  <system-out/>
  <testcase name="Deletemethod" time="1.025" classname="RESTtests.HTTPMethods"/>
  <system-out/>
</testsuite> <!-- RESTtests.HTTPMethods -->
